> 3 + 1 + + 3   
(dbl)3.000000 (dbl)1.000000 (c)+ (c)+ (dbl)3.000000 (c)+ 
(Error) The user has not input sufficient values in the expression.
> q       
==14622== 
==14622== HEAP SUMMARY:
==14622==     in use at exit: 12 bytes in 1 blocks
==14622==   total heap usage: 18 allocs, 17 frees, 2,372 bytes allocated
==14622== 
==14622== 12 bytes in 1 blocks are definitely lost in loss record 1 of 1
==14622==    at 0x4C2DB8F: malloc (in /usr/lib/valgrind/vgpreload_memcheck-amd64-linux.so)
==14622==    by 0x4015CF: create_double_data (rpn_calc.c:4)
==14622==    by 0x401769: rpn_calc (rpn_calc.c:64)
==14622==    by 0x400B63: main (in /home/cloud9/workspace/leo/leo)
==14622== 
==14622== LEAK SUMMARY:
==14622==    definitely lost: 12 bytes in 1 blocks
==14622==    indirectly lost: 0 bytes in 0 blocks
==14622==      possibly lost: 0 bytes in 0 blocks
==14622==    still reachable: 0 bytes in 0 blocks
==14622==         suppressed: 0 bytes in 0 blocks
==14622== 
==14622== For counts of detected and suppressed errors, rerun with: -v
==14622== ERROR SUMMARY: 1 errors from 1 contexts (suppressed: 0 from 0)

